0 info it worked if it ends with ok
1 verbose cli [ 'C:\\Program Files\\nodejs\\node.exe',
1 verbose cli   'C:\\Program Files\\nodejs\\node_modules\\npm\\bin\\npm-cli.js',
1 verbose cli   'start' ]
2 info using npm@3.10.10
3 info using node@v6.11.2
4 verbose run-script [ 'prestart', 'start', 'poststart' ]
5 info lifecycle videoeditor@0.1.0~prestart: videoeditor@0.1.0
6 silly lifecycle videoeditor@0.1.0~prestart: no script for prestart, continuing
7 info lifecycle videoeditor@0.1.0~start: videoeditor@0.1.0
8 verbose lifecycle videoeditor@0.1.0~start: unsafe-perm in lifecycle true
9 verbose lifecycle videoeditor@0.1.0~start: PATH: C:\Program Files\nodejs\node_modules\npm\bin\node-gyp-bin;C:\Users\alex\musicvid.org\node_modules\.bin;C:\Program Files\ImageMagick-7.0.7-Q16;C:\Program Files (x86)\Intel\iCLS Client\;C:\Program Files\Intel\iCLS Client\;C:\WINDOWS\system32;C:\WINDOWS;C:\WINDOWS\System32\Wbem;C:\WINDOWS\System32\WindowsPowerShell\v1.0\;C:\Program Files (x86)\Intel\Intel(R) Management Engine Components\DAL;C:\Program Files\Intel\Intel(R) Management Engine Components\DAL;C:\Program Files (x86)\Intel\Intel(R) Management Engine Components\IPT;C:\Program Files\Intel\Intel(R) Management Engine Components\IPT;C:\Users\alex\AppData\Local\Programs\Python\Python35;C:\swigwin-3.0.10;C:\Program Files\Microsoft SQL Server\130\Tools\Binn\;C:\Program Files\GDAL;C:\Program Files\Git\cmd;C:\openssl-1.1.0c;C:\Program Files\Intel\WiFi\bin\;C:\Program Files\Common Files\Intel\WirelessCommon\;C:\Program Files (x86)\Skype\Phone\;C:\ffmpeg\bin;C:\Program Files\dotnet\;C:\Program Files (x86)\Windows Kits\10\Windows Performance Toolkit\;C:\Program Files\Python36;C:\Python27;C:\xampp\php;C:\Program Files (x86)\PostgreSQL\9.6\bin;C:\Program Files (x86)\PostgreSQL\9.6\lib;C:\Program Files\nodejs;C:\Python34;C:\Program Files (x86)\PuTTY\;C:\WINDOWS\System32\OpenSSH\;C:\Program Files (x86)\Microsoft VS Code\bin;C:\Users\alex\AppData\Local\Microsoft\WindowsApps;;C:\Program Files (x86)\Microsoft VS Code\bin;C:\Users\alex\AppData\Roaming\npm
10 verbose lifecycle videoeditor@0.1.0~start: CWD: C:\Users\alex\musicvid.org
11 silly lifecycle videoeditor@0.1.0~start: Args: [ '/d /s /c', 'node scripts/start.js' ]
12 silly lifecycle videoeditor@0.1.0~start: Returned: code: 3221225786  signal: null
13 info lifecycle videoeditor@0.1.0~start: Failed to exec start script
14 verbose stack Error: videoeditor@0.1.0 start: `node scripts/start.js`
14 verbose stack Exit status 3221225786
14 verbose stack     at EventEmitter.<anonymous> (C:\Program Files\nodejs\node_modules\npm\lib\utils\lifecycle.js:255:16)
14 verbose stack     at emitTwo (events.js:106:13)
14 verbose stack     at EventEmitter.emit (events.js:191:7)
14 verbose stack     at ChildProcess.<anonymous> (C:\Program Files\nodejs\node_modules\npm\lib\utils\spawn.js:40:14)
14 verbose stack     at emitTwo (events.js:106:13)
14 verbose stack     at ChildProcess.emit (events.js:191:7)
14 verbose stack     at maybeClose (internal/child_process.js:891:16)
14 verbose stack     at Process.ChildProcess._handle.onexit (internal/child_process.js:226:5)
15 verbose pkgid videoeditor@0.1.0
16 verbose cwd C:\Users\alex\musicvid.org
17 error Windows_NT 10.0.17134
18 error argv "C:\\Program Files\\nodejs\\node.exe" "C:\\Program Files\\nodejs\\node_modules\\npm\\bin\\npm-cli.js" "start"
19 error node v6.11.2
20 error npm  v3.10.10
21 error code ELIFECYCLE
22 error videoeditor@0.1.0 start: `node scripts/start.js`
22 error Exit status 3221225786
23 error Failed at the videoeditor@0.1.0 start script 'node scripts/start.js'.
23 error Make sure you have the latest version of node.js and npm installed.
23 error If you do, this is most likely a problem with the videoeditor package,
23 error not with npm itself.
23 error Tell the author that this fails on your system:
23 error     node scripts/start.js
23 error You can get information on how to open an issue for this project with:
23 error     npm bugs videoeditor
23 error Or if that isn't available, you can get their info via:
23 error     npm owner ls videoeditor
23 error There is likely additional logging output above.
24 verbose exit [ 1, true ]
